# JRE version: OpenJDK Runtime Environment (11.0.12+7) (build 11.0.12+7-b1504.28-7817840)
# Java VM: OpenJDK 64-Bit Server VM (11.0.12+7-b1504.28-7817840, mixed mode, tiered, compressed oops, g1 gc, windows-amd64)
Heap:
 garbage-first heap   total 461824K, used 348864K [0x0000000080000000, 0x0000000100000000)
  region size 1024K, 83 young (84992K), 7 survivors (7168K)
 Metaspace       used 129222K, capacity 132766K, committed 132864K, reserved 1165312K
  class space    used 15990K, capacity 17316K, committed 17408K, reserved 1048576K
GC Heap History (20 events):
Event: 1159.256 GC heap before
{Heap before GC invocations=74 (full 0):
 garbage-first heap   total 461824K, used 393849K [0x0000000080000000, 0x0000000100000000)
  region size 1024K, 202 young (206848K), 3 survivors (3072K)
 Metaspace       used 116758K, capacity 119932K, committed 120064K, reserved 1153024K
  class space    used 14623K, capacity 15852K, committed 15872K, reserved 1048576K
}
Event: 1159.265 GC heap after
{Heap after GC invocations=75 (full 0):
 garbage-first heap   total 461824K, used 192058K [0x0000000080000000, 0x0000000100000000)
  region size 1024K, 4 young (4096K), 4 survivors (4096K)
 Metaspace       used 116758K, capacity 119932K, committed 120064K, reserved 1153024K
  class space    used 14623K, capacity 15852K, committed 15872K, reserved 1048576K
}
Event: 1160.436 GC heap before
{Heap before GC invocations=75 (full 0):
 garbage-first heap   total 461824K, used 396858K [0x0000000080000000, 0x0000000100000000)
  region size 1024K, 204 young (208896K), 4 survivors (4096K)
 Metaspace       used 116760K, capacity 119932K, committed 120064K, reserved 1153024K
  class space    used 14623K, capacity 15852K, committed 15872K, reserved 1048576K
}
Event: 1160.457 GC heap after
{Heap after GC invocations=76 (full 0):
 garbage-first heap   total 461824K, used 192600K [0x0000000080000000, 0x0000000100000000)
  region size 1024K, 4 young (4096K), 4 survivors (4096K)
 Metaspace       used 116760K, capacity 119932K, committed 120064K, reserved 1153024K
  class space    used 14623K, capacity 15852K, committed 15872K, reserved 1048576K
}
Event: 1163.267 GC heap before
{Heap before GC invocations=76 (full 0):
 garbage-first heap   total 461824K, used 399448K [0x0000000080000000, 0x0000000100000000)
  region size 1024K, 206 young (210944K), 4 survivors (4096K)
 Metaspace       used 116769K, capacity 119938K, committed 120064K, reserved 1153024K
  class space    used 14624K, capacity 15853K, committed 15872K, reserved 1048576K
}
Event: 1163.280 GC heap after
{Heap after GC invocations=77 (full 0):
 garbage-first heap   total 461824K, used 193092K [0x0000000080000000, 0x0000000100000000)
  region size 1024K, 5 young (5120K), 5 survivors (5120K)
 Metaspace       used 116769K, capacity 119938K, committed 120064K, reserved 1153024K
  class space    used 14624K, capacity 15853K, committed 15872K, reserved 1048576K
}
Event: 1166.810 GC heap before
{Heap before GC invocations=77 (full 0):
 garbage-first heap   total 461824K, used 418372K [0x0000000080000000, 0x0000000100000000)
  region size 1024K, 208 young (212992K), 5 survivors (5120K)
 Metaspace       used 118034K, capacity 121221K, committed 121472K, reserved 1155072K
  class space    used 14756K, capacity 15984K, committed 16000K, reserved 1048576K
}
Event: 1166.845 GC heap after
{Heap after GC invocations=78 (full 0):
 garbage-first heap   total 461824K, used 220579K [0x0000000080000000, 0x0000000100000000)
  region size 1024K, 22 young (22528K), 22 survivors (22528K)
 Metaspace       used 118034K, capacity 121221K, committed 121472K, reserved 1155072K
  class space    used 14756K, capacity 15984K, committed 16000K, reserved 1048576K
}
Event: 1171.466 GC heap before
{Heap before GC invocations=78 (full 0):
 garbage-first heap   total 461824K, used 392611K [0x0000000080000000, 0x0000000100000000)
  region size 1024K, 185 young (189440K), 22 survivors (22528K)
 Metaspace       used 118685K, capacity 121901K, committed 122112K, reserved 1155072K
  class space    used 14783K, capacity 16058K, committed 16128K, reserved 1048576K
}
Event: 1171.779 GC heap after
{Heap after GC invocations=79 (full 0):
 garbage-first heap   total 461824K, used 249216K [0x0000000080000000, 0x0000000100000000)
  region size 1024K, 24 young (24576K), 24 survivors (24576K)
 Metaspace       used 118685K, capacity 121901K, committed 122112K, reserved 1155072K
  class space    used 14783K, capacity 16058K, committed 16128K, reserved 1048576K
}
Event: 1179.677 GC heap before
{Heap before GC invocations=79 (full 0):
 garbage-first heap   total 461824K, used 385408K [0x0000000080000000, 0x0000000100000000)
  region size 1024K, 151 young (154624K), 24 survivors (24576K)
 Metaspace       used 119804K, capacity 123045K, committed 123264K, reserved 1157120K
  class space    used 14880K, capacity 16158K, committed 16256K, reserved 1048576K
}
Event: 1179.731 GC heap after
{Heap after GC invocations=80 (full 0):
 garbage-first heap   total 461824K, used 259071K [0x0000000080000000, 0x0000000100000000)
  region size 1024K, 9 young (9216K), 9 survivors (9216K)
 Metaspace       used 119804K, capacity 123045K, committed 123264K, reserved 1157120K
  class space    used 14880K, capacity 16158K, committed 16256K, reserved 1048576K
}
Event: 1182.052 GC heap before
{Heap before GC invocations=80 (full 0):
 garbage-first heap   total 461824K, used 382975K [0x0000000080000000, 0x0000000100000000)
  region size 1024K, 131 young (134144K), 9 survivors (9216K)
 Metaspace       used 120513K, capacity 123748K, committed 124032K, reserved 1157120K
  class space    used 14933K, capacity 16198K, committed 16256K, reserved 1048576K
}
Event: 1182.069 GC heap after
{Heap after GC invocations=81 (full 0):
 garbage-first heap   total 461824K, used 261631K [0x0000000080000000, 0x0000000100000000)
  region size 1024K, 12 young (12288K), 12 survivors (12288K)
 Metaspace       used 120513K, capacity 123748K, committed 124032K, reserved 1157120K
  class space    used 14933K, capacity 16198K, committed 16256K, reserved 1048576K
}
Event: 1183.274 GC heap before
{Heap before GC invocations=81 (full 0):
 garbage-first heap   total 461824K, used 389631K [0x0000000080000000, 0x0000000100000000)
  region size 1024K, 135 young (138240K), 12 survivors (12288K)
 Metaspace       used 120519K, capacity 123748K, committed 124032K, reserved 1157120K
  class space    used 14934K, capacity 16198K, committed 16256K, reserved 1048576K
}
Event: 1183.290 GC heap after
{Heap after GC invocations=82 (full 0):
 garbage-first heap   total 461824K, used 264703K [0x0000000080000000, 0x0000000100000000)
  region size 1024K, 5 young (5120K), 5 survivors (5120K)
 Metaspace       used 120519K, capacity 123748K, committed 124032K, reserved 1157120K
  class space    used 14934K, capacity 16198K, committed 16256K, reserved 1048576K
}
Event: 1185.510 GC heap before
{Heap before GC invocations=82 (full 0):
 garbage-first heap   total 461824K, used 394751K [0x0000000080000000, 0x0000000100000000)
  region size 1024K, 130 young (133120K), 5 survivors (5120K)
 Metaspace       used 127076K, capacity 130540K, committed 130816K, reserved 1163264K
  class space    used 15774K, capacity 17121K, committed 17152K, reserved 1048576K
}
Event: 1185.529 GC heap after
{Heap after GC invocations=83 (full 0):
 garbage-first heap   total 461824K, used 270335K [0x0000000080000000, 0x0000000100000000)
  region size 1024K, 10 young (10240K), 10 survivors (10240K)
 Metaspace       used 127076K, capacity 130540K, committed 130816K, reserved 1163264K
  class space    used 15774K, capacity 17121K, committed 17152K, reserved 1048576K
}
Event: 1188.892 GC heap before
{Heap before GC invocations=83 (full 0):
 garbage-first heap   total 461824K, used 392191K [0x0000000080000000, 0x0000000100000000)
  region size 1024K, 130 young (133120K), 10 survivors (10240K)
 Metaspace       used 128796K, capacity 132174K, committed 132224K, reserved 1165312K
  class space    used 15938K, capacity 17258K, committed 17280K, reserved 1048576K
}
Event: 1188.909 GC heap after
{Heap after GC invocations=84 (full 0):
 garbage-first heap   total 461824K, used 270016K [0x0000000080000000, 0x0000000100000000)
  region size 1024K, 7 young (7168K), 7 survivors (7168K)
 Metaspace       used 128796K, capacity 132174K, committed 132224K, reserved 1165312K
  class space    used 15938K, capacity 17258K, committed 17280K, reserved 1048576K
}

