# JRE version: OpenJDK Runtime Environment (11.0.12+7) (build 11.0.12+7-b1504.28-7817840)
# Java VM: OpenJDK 64-Bit Server VM (11.0.12+7-b1504.28-7817840, mixed mode, tiered, compressed oops, g1 gc, windows-amd64)
Heap:
 garbage-first heap   total 189440K, used 93610K [0x0000000080000000, 0x0000000100000000)
  region size 1024K, 11 young (11264K), 9 survivors (9216K)
 Metaspace       used 98375K, capacity 100834K, committed 101076K, reserved 1136640K
  class space    used 12377K, capacity 13266K, committed 13312K, reserved 1048576K
GC Heap History (20 events):
Event: 19.984 GC heap before
{Heap before GC invocations=12 (full 0):
 garbage-first heap   total 189440K, used 80848K [0x0000000080000000, 0x0000000100000000)
  region size 1024K, 48 young (49152K), 11 survivors (11264K)
 Metaspace       used 58741K, capacity 60099K, committed 60236K, reserved 1101824K
  class space    used 7416K, capacity 7938K, committed 8064K, reserved 1048576K
}
Event: 20.019 GC heap after
{Heap after GC invocations=13 (full 0):
 garbage-first heap   total 189440K, used 45646K [0x0000000080000000, 0x0000000100000000)
  region size 1024K, 2 young (2048K), 2 survivors (2048K)
 Metaspace       used 58741K, capacity 60099K, committed 60236K, reserved 1101824K
  class space    used 7416K, capacity 7938K, committed 8064K, reserved 1048576K
}
Event: 22.356 GC heap before
{Heap before GC invocations=14 (full 0):
 garbage-first heap   total 189440K, used 117326K [0x0000000080000000, 0x0000000100000000)
  region size 1024K, 72 young (73728K), 2 survivors (2048K)
 Metaspace       used 65992K, capacity 67509K, committed 67788K, reserved 1107968K
  class space    used 8326K, capacity 8925K, committed 8960K, reserved 1048576K
}
Event: 22.376 GC heap after
{Heap after GC invocations=15 (full 0):
 garbage-first heap   total 189440K, used 51791K [0x0000000080000000, 0x0000000100000000)
  region size 1024K, 8 young (8192K), 8 survivors (8192K)
 Metaspace       used 65992K, capacity 67509K, committed 67788K, reserved 1107968K
  class space    used 8326K, capacity 8925K, committed 8960K, reserved 1048576K
}
Event: 24.250 GC heap before
{Heap before GC invocations=15 (full 0):
 garbage-first heap   total 189440K, used 123471K [0x0000000080000000, 0x0000000100000000)
  region size 1024K, 78 young (79872K), 8 survivors (8192K)
 Metaspace       used 70942K, capacity 72583K, committed 72780K, reserved 1112064K
  class space    used 9160K, capacity 9782K, committed 9856K, reserved 1048576K
}
Event: 24.270 GC heap after
{Heap after GC invocations=16 (full 0):
 garbage-first heap   total 189440K, used 56041K [0x0000000080000000, 0x0000000100000000)
  region size 1024K, 6 young (6144K), 6 survivors (6144K)
 Metaspace       used 70942K, capacity 72583K, committed 72780K, reserved 1112064K
  class space    used 9160K, capacity 9782K, committed 9856K, reserved 1048576K
}
Event: 26.884 GC heap before
{Heap before GC invocations=16 (full 0):
 garbage-first heap   total 189440K, used 128745K [0x0000000080000000, 0x0000000100000000)
  region size 1024K, 77 young (78848K), 6 survivors (6144K)
 Metaspace       used 77525K, capacity 79270K, committed 79436K, reserved 1118208K
  class space    used 10114K, capacity 10784K, committed 10880K, reserved 1048576K
}
Event: 26.908 GC heap after
{Heap after GC invocations=17 (full 0):
 garbage-first heap   total 189440K, used 60088K [0x0000000080000000, 0x0000000100000000)
  region size 1024K, 10 young (10240K), 10 survivors (10240K)
 Metaspace       used 77525K, capacity 79270K, committed 79436K, reserved 1118208K
  class space    used 10114K, capacity 10784K, committed 10880K, reserved 1048576K
}
Event: 29.678 GC heap before
{Heap before GC invocations=17 (full 0):
 garbage-first heap   total 189440K, used 133816K [0x0000000080000000, 0x0000000100000000)
  region size 1024K, 82 young (83968K), 10 survivors (10240K)
 Metaspace       used 84019K, capacity 86087K, committed 86220K, reserved 1124352K
  class space    used 10913K, capacity 11682K, committed 11776K, reserved 1048576K
}
Event: 29.707 GC heap after
{Heap after GC invocations=18 (full 0):
 garbage-first heap   total 189440K, used 66886K [0x0000000080000000, 0x0000000100000000)
  region size 1024K, 11 young (11264K), 11 survivors (11264K)
 Metaspace       used 84019K, capacity 86087K, committed 86220K, reserved 1124352K
  class space    used 10913K, capacity 11682K, committed 11776K, reserved 1048576K
}
Event: 31.834 GC heap before
{Heap before GC invocations=18 (full 0):
 garbage-first heap   total 189440K, used 138566K [0x0000000080000000, 0x0000000100000000)
  region size 1024K, 82 young (83968K), 11 survivors (11264K)
 Metaspace       used 85133K, capacity 87217K, committed 87372K, reserved 1124352K
  class space    used 10986K, capacity 11786K, committed 11904K, reserved 1048576K
}
Event: 31.864 GC heap after
{Heap after GC invocations=19 (full 0):
 garbage-first heap   total 189440K, used 72667K [0x0000000080000000, 0x0000000100000000)
  region size 1024K, 6 young (6144K), 6 survivors (6144K)
 Metaspace       used 85133K, capacity 87217K, committed 87372K, reserved 1124352K
  class space    used 10986K, capacity 11786K, committed 11904K, reserved 1048576K
}
Event: 35.256 GC heap before
{Heap before GC invocations=19 (full 0):
 garbage-first heap   total 189440K, used 143323K [0x0000000080000000, 0x0000000100000000)
  region size 1024K, 76 young (77824K), 6 survivors (6144K)
 Metaspace       used 89371K, capacity 91593K, committed 91724K, reserved 1128448K
  class space    used 11341K, capacity 12159K, committed 12160K, reserved 1048576K
}
Event: 35.279 GC heap after
{Heap after GC invocations=20 (full 0):
 garbage-first heap   total 189440K, used 76178K [0x0000000080000000, 0x0000000100000000)
  region size 1024K, 4 young (4096K), 4 survivors (4096K)
 Metaspace       used 89371K, capacity 91593K, committed 91724K, reserved 1128448K
  class space    used 11341K, capacity 12159K, committed 12160K, reserved 1048576K
}
Event: 2225.147 GC heap before
{Heap before GC invocations=20 (full 0):
 garbage-first heap   total 189440K, used 146834K [0x0000000080000000, 0x0000000100000000)
  region size 1024K, 73 young (74752K), 4 survivors (4096K)
 Metaspace       used 89743K, capacity 91940K, committed 92108K, reserved 1128448K
  class space    used 11343K, capacity 12163K, committed 12288K, reserved 1048576K
}
Event: 2225.176 GC heap after
{Heap after GC invocations=21 (full 0):
 garbage-first heap   total 189440K, used 76034K [0x0000000080000000, 0x0000000100000000)
  region size 1024K, 4 young (4096K), 4 survivors (4096K)
 Metaspace       used 89743K, capacity 91940K, committed 92108K, reserved 1128448K
  class space    used 11343K, capacity 12163K, committed 12288K, reserved 1048576K
}
Event: 2676.367 GC heap before
{Heap before GC invocations=21 (full 0):
 garbage-first heap   total 189440K, used 148738K [0x0000000080000000, 0x0000000100000000)
  region size 1024K, 76 young (77824K), 4 survivors (4096K)
 Metaspace       used 91140K, capacity 93364K, committed 93516K, reserved 1130496K
  class space    used 11455K, capacity 12293K, committed 12416K, reserved 1048576K
}
Event: 2676.392 GC heap after
{Heap after GC invocations=22 (full 0):
 garbage-first heap   total 189440K, used 82765K [0x0000000080000000, 0x0000000100000000)
  region size 1024K, 10 young (10240K), 10 survivors (10240K)
 Metaspace       used 91140K, capacity 93364K, committed 93516K, reserved 1130496K
  class space    used 11455K, capacity 12293K, committed 12416K, reserved 1048576K
}
Event: 2679.134 GC heap before
{Heap before GC invocations=22 (full 0):
 garbage-first heap   total 189440K, used 143181K [0x0000000080000000, 0x0000000100000000)
  region size 1024K, 69 young (70656K), 10 survivors (10240K)
 Metaspace       used 98343K, capacity 100767K, committed 100820K, reserved 1136640K
  class space    used 12369K, capacity 13265K, committed 13312K, reserved 1048576K
}
Event: 2679.212 GC heap after
{Heap after GC invocations=23 (full 0):
 garbage-first heap   total 189440K, used 93610K [0x0000000080000000, 0x0000000100000000)
  region size 1024K, 9 young (9216K), 9 survivors (9216K)
 Metaspace       used 98343K, capacity 100767K, committed 100820K, reserved 1136640K
  class space    used 12369K, capacity 13265K, committed 13312K, reserved 1048576K
}

