# JRE version: OpenJDK Runtime Environment (11.0.12+7) (build 11.0.12+7-b1504.28-7817840)
# Java VM: OpenJDK 64-Bit Server VM (11.0.12+7-b1504.28-7817840, mixed mode, tiered, compressed oops, g1 gc, windows-amd64)
Heap:
 garbage-first heap   total 189440K, used 131827K [0x0000000080000000, 0x0000000100000000)
  region size 1024K, 80 young (81920K), 5 survivors (5120K)
 Metaspace       used 80358K, capacity 82188K, committed 82496K, reserved 1120256K
  class space    used 10453K, capacity 11134K, committed 11212K, reserved 1048576K
GC Heap History (20 events):
Event: 2.393 GC heap before
{Heap before GC invocations=3 (full 0):
 garbage-first heap   total 131072K, used 53749K [0x0000000080000000, 0x0000000100000000)
  region size 1024K, 44 young (45056K), 3 survivors (3072K)
 Metaspace       used 17530K, capacity 17935K, committed 18176K, reserved 1064960K
  class space    used 2066K, capacity 2177K, committed 2304K, reserved 1048576K
}
Event: 2.402 GC heap after
{Heap after GC invocations=4 (full 0):
 garbage-first heap   total 131072K, used 15872K [0x0000000080000000, 0x0000000100000000)
  region size 1024K, 6 young (6144K), 6 survivors (6144K)
 Metaspace       used 17530K, capacity 17935K, committed 18176K, reserved 1064960K
  class space    used 2066K, capacity 2177K, committed 2304K, reserved 1048576K
}
Event: 2.847 GC heap before
{Heap before GC invocations=4 (full 0):
 garbage-first heap   total 131072K, used 45568K [0x0000000080000000, 0x0000000100000000)
  region size 1024K, 36 young (36864K), 6 survivors (6144K)
 Metaspace       used 20728K, capacity 21131K, committed 21248K, reserved 1067008K
  class space    used 2547K, capacity 2710K, committed 2816K, reserved 1048576K
}
Event: 2.854 GC heap after
{Heap after GC invocations=5 (full 0):
 garbage-first heap   total 131072K, used 16876K [0x0000000080000000, 0x0000000100000000)
  region size 1024K, 1 young (1024K), 1 survivors (1024K)
 Metaspace       used 20728K, capacity 21131K, committed 21248K, reserved 1067008K
  class space    used 2547K, capacity 2710K, committed 2816K, reserved 1048576K
}
Event: 3.389 GC heap before
{Heap before GC invocations=6 (full 0):
 garbage-first heap   total 131072K, used 67052K [0x0000000080000000, 0x0000000100000000)
  region size 1024K, 50 young (51200K), 1 survivors (1024K)
 Metaspace       used 25953K, capacity 26511K, committed 26624K, reserved 1073152K
  class space    used 3354K, capacity 3551K, committed 3584K, reserved 1048576K
}
Event: 3.399 GC heap after
{Heap after GC invocations=7 (full 0):
 garbage-first heap   total 157696K, used 18766K [0x0000000080000000, 0x0000000100000000)
  region size 1024K, 3 young (3072K), 3 survivors (3072K)
 Metaspace       used 25953K, capacity 26511K, committed 26624K, reserved 1073152K
  class space    used 3354K, capacity 3551K, committed 3584K, reserved 1048576K
}
Event: 4.413 GC heap before
{Heap before GC invocations=8 (full 0):
 garbage-first heap   total 157696K, used 82254K [0x0000000080000000, 0x0000000100000000)
  region size 1024K, 65 young (66560K), 3 survivors (3072K)
 Metaspace       used 34898K, capacity 35687K, committed 35968K, reserved 1081344K
  class space    used 4537K, capacity 4871K, committed 4992K, reserved 1048576K
}
Event: 4.420 GC heap after
{Heap after GC invocations=9 (full 0):
 garbage-first heap   total 157696K, used 22114K [0x0000000080000000, 0x0000000100000000)
  region size 1024K, 7 young (7168K), 7 survivors (7168K)
 Metaspace       used 34898K, capacity 35687K, committed 35968K, reserved 1081344K
  class space    used 4537K, capacity 4871K, committed 4992K, reserved 1048576K
}
Event: 5.514 GC heap before
{Heap before GC invocations=9 (full 0):
 garbage-first heap   total 157696K, used 95842K [0x0000000080000000, 0x0000000100000000)
  region size 1024K, 77 young (78848K), 7 survivors (7168K)
 Metaspace       used 40818K, capacity 41787K, committed 41984K, reserved 1085440K
  class space    used 5206K, capacity 5578K, committed 5632K, reserved 1048576K
}
Event: 5.528 GC heap after
{Heap after GC invocations=10 (full 0):
 garbage-first heap   total 157696K, used 27801K [0x0000000080000000, 0x0000000100000000)
  region size 1024K, 9 young (9216K), 9 survivors (9216K)
 Metaspace       used 40818K, capacity 41787K, committed 41984K, reserved 1085440K
  class space    used 5206K, capacity 5578K, committed 5632K, reserved 1048576K
}
Event: 5.804 GC heap before
{Heap before GC invocations=10 (full 0):
 garbage-first heap   total 157696K, used 51353K [0x0000000080000000, 0x0000000100000000)
  region size 1024K, 33 young (33792K), 9 survivors (9216K)
 Metaspace       used 43433K, capacity 44364K, committed 44588K, reserved 1087488K
  class space    used 5528K, capacity 5896K, committed 6016K, reserved 1048576K
}
Event: 5.820 GC heap after
{Heap after GC invocations=11 (full 0):
 garbage-first heap   total 157696K, used 29541K [0x0000000080000000, 0x0000000100000000)
  region size 1024K, 7 young (7168K), 7 survivors (7168K)
 Metaspace       used 43433K, capacity 44364K, committed 44588K, reserved 1087488K
  class space    used 5528K, capacity 5896K, committed 6016K, reserved 1048576K
}
Event: 6.851 GC heap before
{Heap before GC invocations=12 (full 0):
 garbage-first heap   total 157696K, used 106341K [0x0000000080000000, 0x0000000100000000)
  region size 1024K, 82 young (83968K), 7 survivors (7168K)
 Metaspace       used 48100K, capacity 49261K, committed 49324K, reserved 1091584K
  class space    used 6168K, capacity 6609K, committed 6656K, reserved 1048576K
}
Event: 6.866 GC heap after
{Heap after GC invocations=13 (full 0):
 garbage-first heap   total 189440K, used 31444K [0x0000000080000000, 0x0000000100000000)
  region size 1024K, 4 young (4096K), 4 survivors (4096K)
 Metaspace       used 48100K, capacity 49261K, committed 49324K, reserved 1091584K
  class space    used 6168K, capacity 6609K, committed 6656K, reserved 1048576K
}
Event: 8.398 GC heap before
{Heap before GC invocations=13 (full 0):
 garbage-first heap   total 189440K, used 141012K [0x0000000080000000, 0x0000000100000000)
  region size 1024K, 107 young (109568K), 4 survivors (4096K)
 Metaspace       used 60428K, capacity 61865K, committed 61868K, reserved 1103872K
  class space    used 7675K, capacity 8192K, committed 8192K, reserved 1048576K
}
Event: 8.411 GC heap after
{Heap after GC invocations=14 (full 0):
 garbage-first heap   total 189440K, used 45386K [0x0000000080000000, 0x0000000100000000)
  region size 1024K, 14 young (14336K), 14 survivors (14336K)
 Metaspace       used 60428K, capacity 61865K, committed 61868K, reserved 1103872K
  class space    used 7675K, capacity 8192K, committed 8192K, reserved 1048576K
}
Event: 9.727 GC heap before
{Heap before GC invocations=14 (full 0):
 garbage-first heap   total 189440K, used 135498K [0x0000000080000000, 0x0000000100000000)
  region size 1024K, 102 young (104448K), 14 survivors (14336K)
 Metaspace       used 66532K, capacity 68134K, committed 68396K, reserved 1107968K
  class space    used 8423K, capacity 9028K, committed 9088K, reserved 1048576K
}
Event: 9.745 GC heap after
{Heap after GC invocations=15 (full 0):
 garbage-first heap   total 189440K, used 52942K [0x0000000080000000, 0x0000000100000000)
  region size 1024K, 8 young (8192K), 8 survivors (8192K)
 Metaspace       used 66532K, capacity 68134K, committed 68396K, reserved 1107968K
  class space    used 8423K, capacity 9028K, committed 9088K, reserved 1048576K
}
Event: 11.046 GC heap before
{Heap before GC invocations=15 (full 0):
 garbage-first heap   total 189440K, used 117454K [0x0000000080000000, 0x0000000100000000)
  region size 1024K, 72 young (73728K), 8 survivors (8192K)
 Metaspace       used 73065K, capacity 74716K, committed 74740K, reserved 1114112K
  class space    used 9462K, capacity 10101K, committed 10112K, reserved 1048576K
}
Event: 11.070 GC heap after
{Heap after GC invocations=16 (full 0):
 garbage-first heap   total 189440K, used 57075K [0x0000000080000000, 0x0000000100000000)
  region size 1024K, 5 young (5120K), 5 survivors (5120K)
 Metaspace       used 73065K, capacity 74716K, committed 74740K, reserved 1114112K
  class space    used 9462K, capacity 10101K, committed 10112K, reserved 1048576K
}

