# JRE version: OpenJDK Runtime Environment (11.0.12+7) (build 11.0.12+7-b1504.28-7817840)
# Java VM: OpenJDK 64-Bit Server VM (11.0.12+7-b1504.28-7817840, mixed mode, tiered, compressed oops, g1 gc, windows-amd64)
Heap:
 garbage-first heap   total 189440K, used 121522K [0x0000000080000000, 0x0000000100000000)
  region size 1024K, 77 young (78848K), 8 survivors (8192K)
 Metaspace       used 70639K, capacity 72184K, committed 72396K, reserved 1112064K
  class space    used 9124K, capacity 9716K, committed 9728K, reserved 1048576K
GC Heap History (20 events):
Event: 1.344 GC heap before
{Heap before GC invocations=2 (full 0):
 garbage-first heap   total 131072K, used 41113K [0x0000000080000000, 0x0000000100000000)
  region size 1024K, 33 young (33792K), 2 survivors (2048K)
 Metaspace       used 10861K, capacity 11069K, committed 11264K, reserved 1058816K
  class space    used 1130K, capacity 1207K, committed 1280K, reserved 1048576K
}
Event: 1.347 GC heap after
{Heap after GC invocations=3 (full 0):
 garbage-first heap   total 131072K, used 11921K [0x0000000080000000, 0x0000000100000000)
  region size 1024K, 4 young (4096K), 4 survivors (4096K)
 Metaspace       used 10861K, capacity 11069K, committed 11264K, reserved 1058816K
  class space    used 1130K, capacity 1207K, committed 1280K, reserved 1048576K
}
Event: 2.545 GC heap before
{Heap before GC invocations=3 (full 0):
 garbage-first heap   total 131072K, used 59025K [0x0000000080000000, 0x0000000100000000)
  region size 1024K, 50 young (51200K), 4 survivors (4096K)
 Metaspace       used 18570K, capacity 18938K, committed 19072K, reserved 1067008K
  class space    used 2214K, capacity 2341K, committed 2432K, reserved 1048576K
}
Event: 2.553 GC heap after
{Heap after GC invocations=4 (full 0):
 garbage-first heap   total 131072K, used 16812K [0x0000000080000000, 0x0000000100000000)
  region size 1024K, 7 young (7168K), 7 survivors (7168K)
 Metaspace       used 18570K, capacity 18938K, committed 19072K, reserved 1067008K
  class space    used 2214K, capacity 2341K, committed 2432K, reserved 1048576K
}
Event: 2.734 GC heap before
{Heap before GC invocations=4 (full 0):
 garbage-first heap   total 131072K, used 37292K [0x0000000080000000, 0x0000000100000000)
  region size 1024K, 28 young (28672K), 7 survivors (7168K)
 Metaspace       used 20757K, capacity 21131K, committed 21248K, reserved 1067008K
  class space    used 2546K, capacity 2710K, committed 2816K, reserved 1048576K
}
Event: 2.741 GC heap after
{Heap after GC invocations=5 (full 0):
 garbage-first heap   total 131072K, used 18003K [0x0000000080000000, 0x0000000100000000)
  region size 1024K, 1 young (1024K), 1 survivors (1024K)
 Metaspace       used 20757K, capacity 21131K, committed 21248K, reserved 1067008K
  class space    used 2546K, capacity 2710K, committed 2816K, reserved 1048576K
}
Event: 3.350 GC heap before
{Heap before GC invocations=6 (full 0):
 garbage-first heap   total 131072K, used 68179K [0x0000000080000000, 0x0000000100000000)
  region size 1024K, 50 young (51200K), 1 survivors (1024K)
 Metaspace       used 26165K, capacity 26683K, committed 27008K, reserved 1073152K
  class space    used 3389K, capacity 3587K, committed 3712K, reserved 1048576K
}
Event: 3.356 GC heap after
{Heap after GC invocations=7 (full 0):
 garbage-first heap   total 157696K, used 19749K [0x0000000080000000, 0x0000000100000000)
  region size 1024K, 3 young (3072K), 3 survivors (3072K)
 Metaspace       used 26165K, capacity 26683K, committed 27008K, reserved 1073152K
  class space    used 3389K, capacity 3587K, committed 3712K, reserved 1048576K
}
Event: 4.506 GC heap before
{Heap before GC invocations=7 (full 0):
 garbage-first heap   total 157696K, used 79141K [0x0000000080000000, 0x0000000100000000)
  region size 1024K, 62 young (63488K), 3 survivors (3072K)
 Metaspace       used 34940K, capacity 35783K, committed 35840K, reserved 1081344K
  class space    used 4531K, capacity 4839K, committed 4864K, reserved 1048576K
}
Event: 4.522 GC heap after
{Heap after GC invocations=8 (full 0):
 garbage-first heap   total 157696K, used 22983K [0x0000000080000000, 0x0000000100000000)
  region size 1024K, 6 young (6144K), 6 survivors (6144K)
 Metaspace       used 34940K, capacity 35783K, committed 35840K, reserved 1081344K
  class space    used 4531K, capacity 4839K, committed 4864K, reserved 1048576K
}
Event: 5.473 GC heap before
{Heap before GC invocations=9 (full 0):
 garbage-first heap   total 157696K, used 93639K [0x0000000080000000, 0x0000000100000000)
  region size 1024K, 73 young (74752K), 6 survivors (6144K)
 Metaspace       used 40527K, capacity 41462K, committed 41676K, reserved 1085440K
  class space    used 5176K, capacity 5512K, committed 5632K, reserved 1048576K
}
Event: 5.486 GC heap after
{Heap after GC invocations=10 (full 0):
 garbage-first heap   total 157696K, used 28794K [0x0000000080000000, 0x0000000100000000)
  region size 1024K, 9 young (9216K), 9 survivors (9216K)
 Metaspace       used 40527K, capacity 41462K, committed 41676K, reserved 1085440K
  class space    used 5176K, capacity 5512K, committed 5632K, reserved 1048576K
}
Event: 6.401 GC heap before
{Heap before GC invocations=10 (full 0):
 garbage-first heap   total 157696K, used 100474K [0x0000000080000000, 0x0000000100000000)
  region size 1024K, 79 young (80896K), 9 survivors (9216K)
 Metaspace       used 46880K, capacity 48008K, committed 48204K, reserved 1091584K
  class space    used 6045K, capacity 6449K, committed 6528K, reserved 1048576K
}
Event: 6.416 GC heap after
{Heap after GC invocations=11 (full 0):
 garbage-first heap   total 157696K, used 30991K [0x0000000080000000, 0x0000000100000000)
  region size 1024K, 3 young (3072K), 3 survivors (3072K)
 Metaspace       used 46880K, capacity 48008K, committed 48204K, reserved 1091584K
  class space    used 6045K, capacity 6449K, committed 6528K, reserved 1048576K
}
Event: 8.032 GC heap before
{Heap before GC invocations=11 (full 0):
 garbage-first heap   total 157696K, used 115983K [0x0000000080000000, 0x0000000100000000)
  region size 1024K, 82 young (83968K), 3 survivors (3072K)
 Metaspace       used 52342K, capacity 53637K, committed 53708K, reserved 1095680K
  class space    used 6692K, capacity 7156K, committed 7168K, reserved 1048576K
}
Event: 8.045 GC heap after
{Heap after GC invocations=12 (full 0):
 garbage-first heap   total 189440K, used 44355K [0x0000000080000000, 0x0000000100000000)
  region size 1024K, 11 young (11264K), 11 survivors (11264K)
 Metaspace       used 52342K, capacity 53637K, committed 53708K, reserved 1095680K
  class space    used 6692K, capacity 7156K, committed 7168K, reserved 1048576K
}
Event: 8.833 GC heap before
{Heap before GC invocations=12 (full 0):
 garbage-first heap   total 189440K, used 84291K [0x0000000080000000, 0x0000000100000000)
  region size 1024K, 51 young (52224K), 11 survivors (11264K)
 Metaspace       used 58684K, capacity 60088K, committed 60236K, reserved 1101824K
  class space    used 7417K, capacity 7938K, committed 8064K, reserved 1048576K
}
Event: 8.855 GC heap after
{Heap after GC invocations=13 (full 0):
 garbage-first heap   total 189440K, used 46045K [0x0000000080000000, 0x0000000100000000)
  region size 1024K, 2 young (2048K), 2 survivors (2048K)
 Metaspace       used 58684K, capacity 60088K, committed 60236K, reserved 1101824K
  class space    used 7417K, capacity 7938K, committed 8064K, reserved 1048576K
}
Event: 10.377 GC heap before
{Heap before GC invocations=14 (full 0):
 garbage-first heap   total 189440K, used 117725K [0x0000000080000000, 0x0000000100000000)
  region size 1024K, 72 young (73728K), 2 survivors (2048K)
 Metaspace       used 65905K, capacity 67461K, committed 67532K, reserved 1107968K
  class space    used 8323K, capacity 8893K, committed 8960K, reserved 1048576K
}
Event: 10.387 GC heap after
{Heap after GC invocations=15 (full 0):
 garbage-first heap   total 189440K, used 51890K [0x0000000080000000, 0x0000000100000000)
  region size 1024K, 8 young (8192K), 8 survivors (8192K)
 Metaspace       used 65905K, capacity 67461K, committed 67532K, reserved 1107968K
  class space    used 8323K, capacity 8893K, committed 8960K, reserved 1048576K
}

