# JRE version: OpenJDK Runtime Environment (11.0.12+7) (build 11.0.12+7-b1504.28-7817840)
# Java VM: OpenJDK 64-Bit Server VM (11.0.12+7-b1504.28-7817840, mixed mode, tiered, compressed oops, g1 gc, windows-amd64)
Heap:
 garbage-first heap   total 194560K, used 75885K [0x0000000080000000, 0x0000000100000000)
  region size 1024K, 26 young (26624K), 6 survivors (6144K)
 Metaspace       used 74089K, capacity 75835K, committed 76032K, reserved 1116160K
  class space    used 9614K, capacity 10233K, committed 10240K, reserved 1048576K
GC Heap History (20 events):
Event: 3.581 GC heap before
{Heap before GC invocations=4 (full 0):
 garbage-first heap   total 131072K, used 40808K [0x0000000080000000, 0x0000000100000000)
  region size 1024K, 32 young (32768K), 7 survivors (7168K)
 Metaspace       used 20723K, capacity 21135K, committed 21248K, reserved 1067008K
  class space    used 2541K, capacity 2710K, committed 2816K, reserved 1048576K
}
Event: 3.591 GC heap after
{Heap after GC invocations=5 (full 0):
 garbage-first heap   total 131072K, used 17512K [0x0000000080000000, 0x0000000100000000)
  region size 1024K, 1 young (1024K), 1 survivors (1024K)
 Metaspace       used 20723K, capacity 21135K, committed 21248K, reserved 1067008K
  class space    used 2541K, capacity 2710K, committed 2816K, reserved 1048576K
}
Event: 4.248 GC heap before
{Heap before GC invocations=6 (full 0):
 garbage-first heap   total 131072K, used 67688K [0x0000000080000000, 0x0000000100000000)
  region size 1024K, 50 young (51200K), 1 survivors (1024K)
 Metaspace       used 25914K, capacity 26451K, committed 26624K, reserved 1073152K
  class space    used 3346K, capacity 3551K, committed 3584K, reserved 1048576K
}
Event: 4.253 GC heap after
{Heap after GC invocations=7 (full 0):
 garbage-first heap   total 131072K, used 19256K [0x0000000080000000, 0x0000000100000000)
  region size 1024K, 3 young (3072K), 3 survivors (3072K)
 Metaspace       used 25914K, capacity 26451K, committed 26624K, reserved 1073152K
  class space    used 3346K, capacity 3551K, committed 3584K, reserved 1048576K
}
Event: 5.170 GC heap before
{Heap before GC invocations=7 (full 0):
 garbage-first heap   total 131072K, used 73528K [0x0000000080000000, 0x0000000100000000)
  region size 1024K, 56 young (57344K), 3 survivors (3072K)
 Metaspace       used 31440K, capacity 32167K, committed 32384K, reserved 1077248K
  class space    used 4197K, capacity 4441K, committed 4480K, reserved 1048576K
}
Event: 5.176 GC heap after
{Heap after GC invocations=8 (full 0):
 garbage-first heap   total 131072K, used 20809K [0x0000000080000000, 0x0000000100000000)
  region size 1024K, 5 young (5120K), 5 survivors (5120K)
 Metaspace       used 31440K, capacity 32167K, committed 32384K, reserved 1077248K
  class space    used 4197K, capacity 4441K, committed 4480K, reserved 1048576K
}
Event: 5.523 GC heap before
{Heap before GC invocations=8 (full 0):
 garbage-first heap   total 131072K, used 30025K [0x0000000080000000, 0x0000000100000000)
  region size 1024K, 15 young (15360K), 5 survivors (5120K)
 Metaspace       used 34964K, capacity 35723K, committed 35840K, reserved 1081344K
  class space    used 4530K, capacity 4839K, committed 4864K, reserved 1048576K
}
Event: 5.539 GC heap after
{Heap after GC invocations=9 (full 0):
 garbage-first heap   total 161792K, used 22674K [0x0000000080000000, 0x0000000100000000)
  region size 1024K, 6 young (6144K), 6 survivors (6144K)
 Metaspace       used 34964K, capacity 35723K, committed 35840K, reserved 1081344K
  class space    used 4530K, capacity 4839K, committed 4864K, reserved 1048576K
}
Event: 6.928 GC heap before
{Heap before GC invocations=10 (full 0):
 garbage-first heap   total 161792K, used 95378K [0x0000000080000000, 0x0000000100000000)
  region size 1024K, 75 young (76800K), 6 survivors (6144K)
 Metaspace       used 40718K, capacity 41666K, committed 41984K, reserved 1085440K
  class space    used 5185K, capacity 5514K, committed 5632K, reserved 1048576K
}
Event: 6.941 GC heap after
{Heap after GC invocations=11 (full 0):
 garbage-first heap   total 161792K, used 28810K [0x0000000080000000, 0x0000000100000000)
  region size 1024K, 10 young (10240K), 10 survivors (10240K)
 Metaspace       used 40718K, capacity 41666K, committed 41984K, reserved 1085440K
  class space    used 5185K, capacity 5514K, committed 5632K, reserved 1048576K
}
Event: 8.110 GC heap before
{Heap before GC invocations=11 (full 0):
 garbage-first heap   total 161792K, used 108682K [0x0000000080000000, 0x0000000100000000)
  region size 1024K, 87 young (89088K), 10 survivors (10240K)
 Metaspace       used 47375K, capacity 48524K, committed 48768K, reserved 1091584K
  class space    used 6106K, capacity 6516K, committed 6528K, reserved 1048576K
}
Event: 8.126 GC heap after
{Heap after GC invocations=12 (full 0):
 garbage-first heap   total 161792K, used 30646K [0x0000000080000000, 0x0000000100000000)
  region size 1024K, 3 young (3072K), 3 survivors (3072K)
 Metaspace       used 47375K, capacity 48524K, committed 48768K, reserved 1091584K
  class space    used 6106K, capacity 6516K, committed 6528K, reserved 1048576K
}
Event: 10.218 GC heap before
{Heap before GC invocations=12 (full 0):
 garbage-first heap   total 161792K, used 122806K [0x0000000080000000, 0x0000000100000000)
  region size 1024K, 90 young (92160K), 3 survivors (3072K)
 Metaspace       used 54451K, capacity 55796K, committed 55936K, reserved 1097728K
  class space    used 6968K, capacity 7492K, committed 7552K, reserved 1048576K
}
Event: 10.230 GC heap after
{Heap after GC invocations=13 (full 0):
 garbage-first heap   total 161792K, used 43958K [0x0000000080000000, 0x0000000100000000)
  region size 1024K, 12 young (12288K), 12 survivors (12288K)
 Metaspace       used 54451K, capacity 55796K, committed 55936K, reserved 1097728K
  class space    used 6968K, capacity 7492K, committed 7552K, reserved 1048576K
}
Event: 10.812 GC heap before
{Heap before GC invocations=13 (full 0):
 garbage-first heap   total 161792K, used 67510K [0x0000000080000000, 0x0000000100000000)
  region size 1024K, 36 young (36864K), 12 survivors (12288K)
 Metaspace       used 58417K, capacity 59785K, committed 59904K, reserved 1101824K
  class space    used 7365K, capacity 7877K, committed 7936K, reserved 1048576K
}
Event: 10.835 GC heap after
{Heap after GC invocations=14 (full 0):
 garbage-first heap   total 194560K, used 45946K [0x0000000080000000, 0x0000000100000000)
  region size 1024K, 2 young (2048K), 2 survivors (2048K)
 Metaspace       used 58417K, capacity 59785K, committed 59904K, reserved 1101824K
  class space    used 7365K, capacity 7877K, committed 7936K, reserved 1048576K
}
Event: 12.670 GC heap before
{Heap before GC invocations=15 (full 0):
 garbage-first heap   total 194560K, used 126842K [0x0000000080000000, 0x0000000100000000)
  region size 1024K, 81 young (82944K), 2 survivors (2048K)
 Metaspace       used 66368K, capacity 67894K, committed 68224K, reserved 1107968K
  class space    used 8390K, capacity 8967K, committed 9088K, reserved 1048576K
}
Event: 12.680 GC heap after
{Heap after GC invocations=16 (full 0):
 garbage-first heap   total 194560K, used 50688K [0x0000000080000000, 0x0000000100000000)
  region size 1024K, 7 young (7168K), 7 survivors (7168K)
 Metaspace       used 66368K, capacity 67894K, committed 68224K, reserved 1107968K
  class space    used 8390K, capacity 8967K, committed 9088K, reserved 1048576K
}
Event: 14.017 GC heap before
{Heap before GC invocations=16 (full 0):
 garbage-first heap   total 194560K, used 133632K [0x0000000080000000, 0x0000000100000000)
  region size 1024K, 88 young (90112K), 7 survivors (7168K)
 Metaspace       used 72543K, capacity 74129K, committed 74368K, reserved 1114112K
  class space    used 9379K, capacity 9992K, committed 10112K, reserved 1048576K
}
Event: 14.037 GC heap after
{Heap after GC invocations=17 (full 0):
 garbage-first heap   total 194560K, used 56429K [0x0000000080000000, 0x0000000100000000)
  region size 1024K, 6 young (6144K), 6 survivors (6144K)
 Metaspace       used 72543K, capacity 74129K, committed 74368K, reserved 1114112K
  class space    used 9379K, capacity 9992K, committed 10112K, reserved 1048576K
}

