# JRE version: OpenJDK Runtime Environment (11.0.12+7) (build 11.0.12+7-b1504.28-7817840)
# Java VM: OpenJDK 64-Bit Server VM (11.0.12+7-b1504.28-7817840, mixed mode, tiered, compressed oops, g1 gc, windows-amd64)
Heap:
 garbage-first heap   total 131072K, used 22421K [0x0000000080000000, 0x0000000100000000)
  region size 1024K, 7 young (7168K), 5 survivors (5120K)
 Metaspace       used 31560K, capacity 32263K, committed 32384K, reserved 1081344K
  class space    used 4221K, capacity 4473K, committed 4480K, reserved 1048576K
GC Heap History (14 events):
Event: 1.026 GC heap before
{Heap before GC invocations=0 (full 0):
 garbage-first heap   total 131072K, used 20480K [0x0000000080000000, 0x0000000100000000)
  region size 1024K, 14 young (14336K), 0 survivors (0K)
 Metaspace       used 6736K, capacity 6925K, committed 7168K, reserved 1056768K
  class space    used 582K, capacity 650K, committed 768K, reserved 1048576K
}
Event: 1.032 GC heap after
{Heap after GC invocations=1 (full 0):
 garbage-first heap   total 131072K, used 7635K [0x0000000080000000, 0x0000000100000000)
  region size 1024K, 2 young (2048K), 2 survivors (2048K)
 Metaspace       used 6736K, capacity 6925K, committed 7168K, reserved 1056768K
  class space    used 582K, capacity 650K, committed 768K, reserved 1048576K
}
Event: 1.502 GC heap before
{Heap before GC invocations=1 (full 0):
 garbage-first heap   total 131072K, used 18899K [0x0000000080000000, 0x0000000100000000)
  region size 1024K, 13 young (13312K), 2 survivors (2048K)
 Metaspace       used 9893K, capacity 10118K, committed 10368K, reserved 1058816K
  class space    used 1027K, capacity 1102K, committed 1152K, reserved 1048576K
}
Event: 1.507 GC heap after
{Heap after GC invocations=2 (full 0):
 garbage-first heap   total 131072K, used 9493K [0x0000000080000000, 0x0000000100000000)
  region size 1024K, 2 young (2048K), 2 survivors (2048K)
 Metaspace       used 9893K, capacity 10118K, committed 10368K, reserved 1058816K
  class space    used 1027K, capacity 1102K, committed 1152K, reserved 1048576K
}
Event: 1.945 GC heap before
{Heap before GC invocations=2 (full 0):
 garbage-first heap   total 131072K, used 39189K [0x0000000080000000, 0x0000000100000000)
  region size 1024K, 31 young (31744K), 2 survivors (2048K)
 Metaspace       used 10860K, capacity 11073K, committed 11264K, reserved 1058816K
  class space    used 1129K, capacity 1207K, committed 1280K, reserved 1048576K
}
Event: 1.948 GC heap after
{Heap after GC invocations=3 (full 0):
 garbage-first heap   total 131072K, used 11482K [0x0000000080000000, 0x0000000100000000)
  region size 1024K, 3 young (3072K), 3 survivors (3072K)
 Metaspace       used 10860K, capacity 11073K, committed 11264K, reserved 1058816K
  class space    used 1129K, capacity 1207K, committed 1280K, reserved 1048576K
}
Event: 3.555 GC heap before
{Heap before GC invocations=3 (full 0):
 garbage-first heap   total 131072K, used 55514K [0x0000000080000000, 0x0000000100000000)
  region size 1024K, 46 young (47104K), 3 survivors (3072K)
 Metaspace       used 17743K, capacity 18163K, committed 18432K, reserved 1064960K
  class space    used 2091K, capacity 2209K, committed 2304K, reserved 1048576K
}
Event: 3.565 GC heap after
{Heap after GC invocations=4 (full 0):
 garbage-first heap   total 131072K, used 16674K [0x0000000080000000, 0x0000000100000000)
  region size 1024K, 6 young (6144K), 6 survivors (6144K)
 Metaspace       used 17743K, capacity 18163K, committed 18432K, reserved 1064960K
  class space    used 2091K, capacity 2209K, committed 2304K, reserved 1048576K
}
Event: 4.042 GC heap before
{Heap before GC invocations=4 (full 0):
 garbage-first heap   total 131072K, used 42274K [0x0000000080000000, 0x0000000100000000)
  region size 1024K, 33 young (33792K), 6 survivors (6144K)
 Metaspace       used 20703K, capacity 21135K, committed 21248K, reserved 1067008K
  class space    used 2539K, capacity 2710K, committed 2816K, reserved 1048576K
}
Event: 4.048 GC heap after
{Heap after GC invocations=5 (full 0):
 garbage-first heap   total 131072K, used 17644K [0x0000000080000000, 0x0000000100000000)
  region size 1024K, 5 young (5120K), 5 survivors (5120K)
 Metaspace       used 20703K, capacity 21135K, committed 21248K, reserved 1067008K
  class space    used 2539K, capacity 2710K, committed 2816K, reserved 1048576K
}
Event: 4.929 GC heap before
{Heap before GC invocations=6 (full 0):
 garbage-first heap   total 131072K, used 66796K [0x0000000080000000, 0x0000000100000000)
  region size 1024K, 53 young (54272K), 5 survivors (5120K)
 Metaspace       used 25761K, capacity 26291K, committed 26368K, reserved 1073152K
  class space    used 3325K, capacity 3519K, committed 3584K, reserved 1048576K
}
Event: 4.936 GC heap after
{Heap after GC invocations=7 (full 0):
 garbage-first heap   total 131072K, used 19556K [0x0000000080000000, 0x0000000100000000)
  region size 1024K, 3 young (3072K), 3 survivors (3072K)
 Metaspace       used 25761K, capacity 26291K, committed 26368K, reserved 1073152K
  class space    used 3325K, capacity 3519K, committed 3584K, reserved 1048576K
}
Event: 7.502 GC heap before
{Heap before GC invocations=7 (full 0):
 garbage-first heap   total 131072K, used 73828K [0x0000000080000000, 0x0000000100000000)
  region size 1024K, 56 young (57344K), 3 survivors (3072K)
 Metaspace       used 31477K, capacity 32199K, committed 32384K, reserved 1081344K
  class space    used 4203K, capacity 4473K, committed 4480K, reserved 1048576K
}
Event: 7.509 GC heap after
{Heap after GC invocations=8 (full 0):
 garbage-first heap   total 131072K, used 21397K [0x0000000080000000, 0x0000000100000000)
  region size 1024K, 5 young (5120K), 5 survivors (5120K)
 Metaspace       used 31477K, capacity 32199K, committed 32384K, reserved 1081344K
  class space    used 4203K, capacity 4473K, committed 4480K, reserved 1048576K
}

