# JRE version: OpenJDK Runtime Environment (11.0.12+7) (build 11.0.12+7-b1504.28-7817840)
# Java VM: OpenJDK 64-Bit Server VM (11.0.12+7-b1504.28-7817840, mixed mode, tiered, compressed oops, g1 gc, windows-amd64)
Heap:
 garbage-first heap   total 187392K, used 113391K [0x0000000080000000, 0x0000000100000000)
  region size 1024K, 94 young (96256K), 7 survivors (7168K)
 Metaspace       used 42363K, capacity 43384K, committed 43468K, reserved 1087488K
  class space    used 5462K, capacity 5824K, committed 5888K, reserved 1048576K
GC Heap History (14 events):
Event: 1.201 GC heap before
{Heap before GC invocations=0 (full 0):
 garbage-first heap   total 131072K, used 20480K [0x0000000080000000, 0x0000000100000000)
  region size 1024K, 14 young (14336K), 0 survivors (0K)
 Metaspace       used 6743K, capacity 6925K, committed 7168K, reserved 1056768K
  class space    used 582K, capacity 650K, committed 768K, reserved 1048576K
}
Event: 1.262 GC heap after
{Heap after GC invocations=1 (full 0):
 garbage-first heap   total 131072K, used 7877K [0x0000000080000000, 0x0000000100000000)
  region size 1024K, 2 young (2048K), 2 survivors (2048K)
 Metaspace       used 6743K, capacity 6925K, committed 7168K, reserved 1056768K
  class space    used 582K, capacity 650K, committed 768K, reserved 1048576K
}
Event: 2.633 GC heap before
{Heap before GC invocations=1 (full 0):
 garbage-first heap   total 131072K, used 39621K [0x0000000080000000, 0x0000000100000000)
  region size 1024K, 33 young (33792K), 2 survivors (2048K)
 Metaspace       used 10822K, capacity 11009K, committed 11264K, reserved 1058816K
  class space    used 1130K, capacity 1207K, committed 1280K, reserved 1048576K
}
Event: 2.639 GC heap after
{Heap after GC invocations=2 (full 0):
 garbage-first heap   total 131072K, used 9794K [0x0000000080000000, 0x0000000100000000)
  region size 1024K, 4 young (4096K), 4 survivors (4096K)
 Metaspace       used 10822K, capacity 11009K, committed 11264K, reserved 1058816K
  class space    used 1130K, capacity 1207K, committed 1280K, reserved 1048576K
}
Event: 3.592 GC heap before
{Heap before GC invocations=2 (full 0):
 garbage-first heap   total 131072K, used 44610K [0x0000000080000000, 0x0000000100000000)
  region size 1024K, 38 young (38912K), 4 survivors (4096K)
 Metaspace       used 13993K, capacity 14265K, committed 14464K, reserved 1062912K
  class space    used 1555K, capacity 1654K, committed 1664K, reserved 1048576K
}
Event: 3.639 GC heap after
{Heap after GC invocations=3 (full 0):
 garbage-first heap   total 131072K, used 14926K [0x0000000080000000, 0x0000000100000000)
  region size 1024K, 5 young (5120K), 5 survivors (5120K)
 Metaspace       used 13993K, capacity 14265K, committed 14464K, reserved 1062912K
  class space    used 1555K, capacity 1654K, committed 1664K, reserved 1048576K
}
Event: 5.378 GC heap before
{Heap before GC invocations=3 (full 0):
 garbage-first heap   total 131072K, used 57934K [0x0000000080000000, 0x0000000100000000)
  region size 1024K, 47 young (48128K), 5 survivors (5120K)
 Metaspace       used 20143K, capacity 20553K, committed 20608K, reserved 1067008K
  class space    used 2487K, capacity 2644K, committed 2688K, reserved 1048576K
}
Event: 5.391 GC heap after
{Heap after GC invocations=4 (full 0):
 garbage-first heap   total 131072K, used 17249K [0x0000000080000000, 0x0000000100000000)
  region size 1024K, 3 young (3072K), 3 survivors (3072K)
 Metaspace       used 20143K, capacity 20553K, committed 20608K, reserved 1067008K
  class space    used 2487K, capacity 2644K, committed 2688K, reserved 1048576K
}
Event: 5.530 GC heap before
{Heap before GC invocations=4 (full 0):
 garbage-first heap   total 131072K, used 20321K [0x0000000080000000, 0x0000000100000000)
  region size 1024K, 7 young (7168K), 3 survivors (3072K)
 Metaspace       used 20763K, capacity 21138K, committed 21248K, reserved 1067008K
  class space    used 2551K, capacity 2711K, committed 2816K, reserved 1048576K
}
Event: 5.537 GC heap after
{Heap after GC invocations=5 (full 0):
 garbage-first heap   total 131072K, used 17234K [0x0000000080000000, 0x0000000100000000)
  region size 1024K, 3 young (3072K), 3 survivors (3072K)
 Metaspace       used 20763K, capacity 21138K, committed 21248K, reserved 1067008K
  class space    used 2551K, capacity 2711K, committed 2816K, reserved 1048576K
}
Event: 7.758 GC heap before
{Heap before GC invocations=6 (full 0):
 garbage-first heap   total 131072K, used 72530K [0x0000000080000000, 0x0000000100000000)
  region size 1024K, 57 young (58368K), 3 survivors (3072K)
 Metaspace       used 26685K, capacity 27269K, committed 27520K, reserved 1073152K
  class space    used 3479K, capacity 3701K, committed 3712K, reserved 1048576K
}
Event: 7.770 GC heap after
{Heap after GC invocations=7 (full 0):
 garbage-first heap   total 131072K, used 19281K [0x0000000080000000, 0x0000000100000000)
  region size 1024K, 5 young (5120K), 5 survivors (5120K)
 Metaspace       used 26685K, capacity 27269K, committed 27520K, reserved 1073152K
  class space    used 3479K, capacity 3701K, committed 3712K, reserved 1048576K
}
Event: 10.383 GC heap before
{Heap before GC invocations=7 (full 0):
 garbage-first heap   total 131072K, used 75601K [0x0000000080000000, 0x0000000100000000)
  region size 1024K, 61 young (62464K), 5 survivors (5120K)
 Metaspace       used 34959K, capacity 35787K, committed 35840K, reserved 1081344K
  class space    used 4532K, capacity 4839K, committed 4864K, reserved 1048576K
}
Event: 10.404 GC heap after
{Heap after GC invocations=8 (full 0):
 garbage-first heap   total 187392K, used 22255K [0x0000000080000000, 0x0000000100000000)
  region size 1024K, 7 young (7168K), 7 survivors (7168K)
 Metaspace       used 34959K, capacity 35787K, committed 35840K, reserved 1081344K
  class space    used 4532K, capacity 4839K, committed 4864K, reserved 1048576K
}

