# JRE version: OpenJDK Runtime Environment (11.0.12+7) (build 11.0.12+7-b1504.28-7817840)
# Java VM: OpenJDK 64-Bit Server VM (11.0.12+7-b1504.28-7817840, mixed mode, tiered, compressed oops, g1 gc, windows-amd64)
Heap:
 garbage-first heap   total 157696K, used 49460K [0x0000000080000000, 0x0000000100000000)
  region size 1024K, 7 young (7168K), 7 survivors (7168K)
 Metaspace       used 63599K, capacity 65061K, committed 65228K, reserved 1114112K
  class space    used 8032K, capacity 8587K, committed 8704K, reserved 1048576K
GC Heap History (20 events):
Event: 1.214 GC heap before
{Heap before GC invocations=0 (full 0):
 garbage-first heap   total 131072K, used 20480K [0x0000000080000000, 0x0000000100000000)
  region size 1024K, 14 young (14336K), 0 survivors (0K)
 Metaspace       used 6758K, capacity 6993K, committed 7168K, reserved 1056768K
  class space    used 582K, capacity 650K, committed 768K, reserved 1048576K
}
Event: 1.226 GC heap after
{Heap after GC invocations=1 (full 0):
 garbage-first heap   total 131072K, used 7877K [0x0000000080000000, 0x0000000100000000)
  region size 1024K, 2 young (2048K), 2 survivors (2048K)
 Metaspace       used 6758K, capacity 6993K, committed 7168K, reserved 1056768K
  class space    used 582K, capacity 650K, committed 768K, reserved 1048576K
}
Event: 2.311 GC heap before
{Heap before GC invocations=1 (full 0):
 garbage-first heap   total 131072K, used 54981K [0x0000000080000000, 0x0000000100000000)
  region size 1024K, 48 young (49152K), 2 survivors (2048K)
 Metaspace       used 10937K, capacity 11141K, committed 11264K, reserved 1058816K
  class space    used 1131K, capacity 1207K, committed 1280K, reserved 1048576K
}
Event: 2.316 GC heap after
{Heap after GC invocations=2 (full 0):
 garbage-first heap   total 131072K, used 13615K [0x0000000080000000, 0x0000000100000000)
  region size 1024K, 6 young (6144K), 6 survivors (6144K)
 Metaspace       used 10937K, capacity 11141K, committed 11264K, reserved 1058816K
  class space    used 1131K, capacity 1207K, committed 1280K, reserved 1048576K
}
Event: 3.758 GC heap before
{Heap before GC invocations=2 (full 0):
 garbage-first heap   total 131072K, used 58671K [0x0000000080000000, 0x0000000100000000)
  region size 1024K, 50 young (51200K), 6 survivors (6144K)
 Metaspace       used 18842K, capacity 19175K, committed 19328K, reserved 1067008K
  class space    used 2263K, capacity 2375K, committed 2432K, reserved 1048576K
}
Event: 3.766 GC heap after
{Heap after GC invocations=3 (full 0):
 garbage-first heap   total 131072K, used 16931K [0x0000000080000000, 0x0000000100000000)
  region size 1024K, 4 young (4096K), 4 survivors (4096K)
 Metaspace       used 18842K, capacity 19175K, committed 19328K, reserved 1067008K
  class space    used 2263K, capacity 2375K, committed 2432K, reserved 1048576K
}
Event: 3.987 GC heap before
{Heap before GC invocations=3 (full 0):
 garbage-first heap   total 131072K, used 36387K [0x0000000080000000, 0x0000000100000000)
  region size 1024K, 24 young (24576K), 4 survivors (4096K)
 Metaspace       used 20745K, capacity 21139K, committed 21248K, reserved 1067008K
  class space    used 2545K, capacity 2710K, committed 2816K, reserved 1048576K
}
Event: 3.992 GC heap after
{Heap after GC invocations=4 (full 0):
 garbage-first heap   total 131072K, used 17550K [0x0000000080000000, 0x0000000100000000)
  region size 1024K, 4 young (4096K), 4 survivors (4096K)
 Metaspace       used 20745K, capacity 21139K, committed 21248K, reserved 1067008K
  class space    used 2545K, capacity 2710K, committed 2816K, reserved 1048576K
}
Event: 4.855 GC heap before
{Heap before GC invocations=5 (full 0):
 garbage-first heap   total 131072K, used 74894K [0x0000000080000000, 0x0000000100000000)
  region size 1024K, 61 young (62464K), 4 survivors (4096K)
 Metaspace       used 26927K, capacity 27564K, committed 27904K, reserved 1073152K
  class space    used 3508K, capacity 3734K, committed 3840K, reserved 1048576K
}
Event: 4.863 GC heap after
{Heap after GC invocations=6 (full 0):
 garbage-first heap   total 131072K, used 19627K [0x0000000080000000, 0x0000000100000000)
  region size 1024K, 6 young (6144K), 6 survivors (6144K)
 Metaspace       used 26927K, capacity 27564K, committed 27904K, reserved 1073152K
  class space    used 3508K, capacity 3734K, committed 3840K, reserved 1048576K
}
Event: 5.916 GC heap before
{Heap before GC invocations=6 (full 0):
 garbage-first heap   total 131072K, used 73899K [0x0000000080000000, 0x0000000100000000)
  region size 1024K, 60 young (61440K), 6 survivors (6144K)
 Metaspace       used 34980K, capacity 35791K, committed 35840K, reserved 1081344K
  class space    used 4533K, capacity 4839K, committed 4864K, reserved 1048576K
}
Event: 5.931 GC heap after
{Heap after GC invocations=7 (full 0):
 garbage-first heap   total 131072K, used 22935K [0x0000000080000000, 0x0000000100000000)
  region size 1024K, 7 young (7168K), 7 survivors (7168K)
 Metaspace       used 34980K, capacity 35791K, committed 35840K, reserved 1081344K
  class space    used 4533K, capacity 4839K, committed 4864K, reserved 1048576K
}
Event: 7.422 GC heap before
{Heap before GC invocations=8 (full 0):
 garbage-first heap   total 131072K, used 89495K [0x0000000080000000, 0x0000000100000000)
  region size 1024K, 70 young (71680K), 7 survivors (7168K)
 Metaspace       used 39918K, capacity 40852K, committed 41036K, reserved 1085440K
  class space    used 5103K, capacity 5434K, committed 5504K, reserved 1048576K
}
Event: 7.450 GC heap after
{Heap after GC invocations=9 (full 0):
 garbage-first heap   total 131072K, used 28315K [0x0000000080000000, 0x0000000100000000)
  region size 1024K, 9 young (9216K), 9 survivors (9216K)
 Metaspace       used 39918K, capacity 40852K, committed 41036K, reserved 1085440K
  class space    used 5103K, capacity 5434K, committed 5504K, reserved 1048576K
}
Event: 8.297 GC heap before
{Heap before GC invocations=9 (full 0):
 garbage-first heap   total 131072K, used 97947K [0x0000000080000000, 0x0000000100000000)
  region size 1024K, 76 young (77824K), 9 survivors (9216K)
 Metaspace       used 46154K, capacity 47188K, committed 47308K, reserved 1089536K
  class space    used 5933K, capacity 6322K, committed 6400K, reserved 1048576K
}
Event: 8.310 GC heap after
{Heap after GC invocations=10 (full 0):
 garbage-first heap   total 131072K, used 29893K [0x0000000080000000, 0x0000000100000000)
  region size 1024K, 8 young (8192K), 8 survivors (8192K)
 Metaspace       used 46154K, capacity 47188K, committed 47308K, reserved 1089536K
  class space    used 5933K, capacity 6322K, committed 6400K, reserved 1048576K
}
Event: 9.443 GC heap before
{Heap before GC invocations=10 (full 0):
 garbage-first heap   total 131072K, used 102597K [0x0000000080000000, 0x0000000100000000)
  region size 1024K, 76 young (77824K), 8 survivors (8192K)
 Metaspace       used 49667K, capacity 50911K, committed 51148K, reserved 1093632K
  class space    used 6359K, capacity 6822K, committed 6912K, reserved 1048576K
}
Event: 9.459 GC heap after
{Heap after GC invocations=11 (full 0):
 garbage-first heap   total 157696K, used 42411K [0x0000000080000000, 0x0000000100000000)
  region size 1024K, 10 young (10240K), 10 survivors (10240K)
 Metaspace       used 49667K, capacity 50911K, committed 51148K, reserved 1093632K
  class space    used 6359K, capacity 6822K, committed 6912K, reserved 1048576K
}
Event: 10.446 GC heap before
{Heap before GC invocations=11 (full 0):
 garbage-first heap   total 157696K, used 104875K [0x0000000080000000, 0x0000000100000000)
  region size 1024K, 72 young (73728K), 10 survivors (10240K)
 Metaspace       used 58777K, capacity 60150K, committed 60236K, reserved 1101824K
  class space    used 7423K, capacity 7978K, committed 8064K, reserved 1048576K
}
Event: 10.468 GC heap after
{Heap after GC invocations=12 (full 0):
 garbage-first heap   total 157696K, used 45778K [0x0000000080000000, 0x0000000100000000)
  region size 1024K, 3 young (3072K), 3 survivors (3072K)
 Metaspace       used 58777K, capacity 60150K, committed 60236K, reserved 1101824K
  class space    used 7423K, capacity 7978K, committed 8064K, reserved 1048576K
}

